Connecting to tr_server
Issuing traceroutes
Connecting to controller
Rev Seg is
Checking .+ for traceroutes to source
REACHED
--------
Issuing traceroutes
Issuing traceroutes
Issuing traceroutes
Issuing traceroutes
Issuing traceroutes
Rev Seg is
Checking .+ for traceroutes to source
Initializing RR VPs
Connecting to vp_server
RR VPs left to try
using non_spoofed
Issuing recordroutes
Connecting to adjacency_server
Adjacents for .+ are
TS adjacents left to try
Issuing timestamps
Issuing for dest does not stamp
Issuing spoofed_timestamps
TS probe is .+ dst does not stamp, but spoofer .+ got a stamp
TS probe is .+ dst does not stamp, but spoofer .+ got a stamp
TS probe is .+ dst does not stamp, but spoofer .+ got a stamp
TS probe is .+ dst does not stamp, but spoofer .+ got a stamp
TS probe is .+ dst does not stamp, but spoofer .+ got a stamp
Issuing to verify for dest does not stamp
Issuing timestamps
TS adjacents left to try
Current hop .+ stamps 0, so not asking for stamp
Issuing for dest does not stamp
Issuing spoofed_timestamps
TS probe is .+ no reverse hop for dst that stamps 0
TS probe is .+ no reverse hop for dst that stamps 0
TS probe is .+ no reverse hop for dst that stamps 0
TS probe is .+ no reverse hop for dst that stamps 0
TS probe is .+ no reverse hop for dst that stamps 0
TS adjacents left to try
Current hop .+ stamps 0, so not asking for stamp
Issuing for dest does not stamp
Issuing spoofed_timestamps
TS probe is .+ no reverse hop for dst that stamps 0
TS probe is .+ no reverse hop for dst that stamps 0
TS probe is .+ no reverse hop for dst that stamps 0
TS probe is .+ no reverse hop for dst that stamps 0
TS probe is .+ no reverse hop for dst that stamps 0
TS adjacents left to try
Current hop .+ stamps 0, so not asking for stamp
Issuing for dest does not stamp
Issuing spoofed_timestamps
TS probe is .+ no reverse hop for dst that stamps 0
TS probe is .+ no reverse hop for dst that stamps 0
TS probe is .+ no reverse hop for dst that stamps 0
TS probe is .+ no reverse hop for dst that stamps 0
TS probe is .+ no reverse hop for dst that stamps 0
TS adjacents left to try
Current hop .+ stamps 0, so not asking for stamp
Issuing for dest does not stamp
Issuing spoofed_timestamps
TS probe is .+ no reverse hop for dst that stamps 0
TS probe is .+ no reverse hop for dst that stamps 0
TS probe is .+ no reverse hop for dst that stamps 0
TS probe is .+ no reverse hop for dst that stamps 0
TS probe is .+ no reverse hop for dst that stamps 0
TS adjacents left to try
Current hop .+ stamps 0, so not asking for stamp
Issuing for dest does not stamp
Issuing spoofed_timestamps
TS probe is .+ no reverse hop for dst that stamps 0
TS probe is .+ no reverse hop for dst that stamps 0
TS probe is .+ no reverse hop for dst that stamps 0
TS probe is .+ no reverse hop for dst that stamps 0
TS probe is .+ no reverse hop for dst that stamps 0
TS adjacents left to try
Current hop .+ stamps 0, so not asking for stamp
Issuing for dest does not stamp
Issuing spoofed_timestamps
TS probe is .+ no reverse hop for dst that stamps 0
TS probe is .+ no reverse hop for dst that stamps 0
TS probe is .+ no reverse hop for dst that stamps 0
TS probe is .+ no reverse hop for dst that stamps 0
TS probe is .+ no reverse hop for dst that stamps 0
TS adjacents left to try
Current hop .+ stamps 0, so not asking for stamp
Issuing for dest does not stamp
Issuing spoofed_timestamps
TS probe is .+ no reverse hop for dst that stamps 0
TS probe is .+ no reverse hop for dst that stamps 0
TS probe is .+ no reverse hop for dst that stamps 0
TS probe is .+ no reverse hop for dst that stamps 0
TS probe is .+ no reverse hop for dst that stamps 0
TS adjacents left to try
Current hop .+ stamps 0, so not asking for stamp
Issuing for dest does not stamp
Issuing spoofed_timestamps
TS probe is .+ no reverse hop for dst that stamps 0
TS probe is .+ no reverse hop for dst that stamps 0
TS probe is .+ no reverse hop for dst that stamps 0
TS probe is .+ no reverse hop for dst that stamps 0
TS probe is .+ no reverse hop for dst that stamps 0
TS adjacents left to try
Current hop .+ stamps 0, so not asking for stamp
Issuing for dest does not stamp
Issuing spoofed_timestamps
TS probe is .+ no reverse hop for dst that stamps 0
TS probe is .+ no reverse hop for dst that stamps 0
TS probe is .+ no reverse hop for dst that stamps 0
TS probe is .+ no reverse hop for dst that stamps 0
TS adjacents left to try
Current hop .+ stamps 0, so not asking for stamp
Issuing for dest does not stamp
Issuing spoofed_timestamps
TS probe is .+ no reverse hop for dst that stamps 0
TS probe is .+ no reverse hop for dst that stamps 0
TS probe is .+ no reverse hop for dst that stamps 0
TS probe is .+ no reverse hop for dst that stamps 0
TS adjacents left to try
Current hop .+ stamps 0, so not asking for stamp
Issuing for dest does not stamp
Issuing spoofed_timestamps
TS probe is .+ no reverse hop for dst that stamps 0
TS probe is .+ no reverse hop for dst that stamps 0
TS probe is .+ no reverse hop for dst that stamps 0
TS probe is .+ no reverse hop for dst that stamps 0
TS adjacents left to try
Current hop .+ stamps 0, so not asking for stamp
Issuing for dest does not stamp
Issuing spoofed_timestamps
TS probe is .+ no reverse hop for dst that stamps 0
TS probe is .+ no reverse hop for dst that stamps 0
TS probe is .+ no reverse hop for dst that stamps 0
TS probe is .+ no reverse hop for dst that stamps 0
TS probe is .+ no reverse hop for dst that stamps 0
TS adjacents left to try
Current hop .+ stamps 0, so not asking for stamp
Issuing for dest does not stamp
Issuing spoofed_timestamps
TS probe is .+ no reverse hop for dst that stamps 0
TS probe is .+ no reverse hop for dst that stamps 0
TS probe is .+ no reverse hop for dst that stamps 0
TS probe is .+ no reverse hop for dst that stamps 0
TS adjacents left to try
Current hop .+ stamps 0, so not asking for stamp
Issuing for dest does not stamp
Issuing spoofed_timestamps
TS probe is .+ no reverse hop for dst that stamps 0
TS probe is .+ no reverse hop for dst that stamps 0
TS probe is .+ no reverse hop for dst that stamps 0
TS probe is .+ no reverse hop for dst that stamps 0
TS adjacents left to try
Current hop .+ stamps 0, so not asking for stamp
Issuing for dest does not stamp
Issuing spoofed_timestamps
TS probe is .+ no reverse hop for dst that stamps 0
TS probe is .+ no reverse hop for dst that stamps 0
TS probe is .+ no reverse hop for dst that stamps 0
TS probe is .+ no reverse hop for dst that stamps 0
TS adjacents left to try
Current hop .+ stamps 0, so not asking for stamp
Issuing for dest does not stamp
Issuing spoofed_timestamps
TS probe is .+ no reverse hop for dst that stamps 0
TS probe is .+ no reverse hop for dst that stamps 0
TS probe is .+ no reverse hop for dst that stamps 0
TS probe is .+ no reverse hop for dst that stamps 0
TS adjacents left to try
Current hop .+ stamps 0, so not asking for stamp
Issuing for dest does not stamp
Issuing spoofed_timestamps
TS probe is .+ no reverse hop for dst that stamps 0
TS probe is .+ no reverse hop for dst that stamps 0
TS probe is .+ no reverse hop for dst that stamps 0
TS probe is .+ no reverse hop for dst that stamps 0
TS adjacents left to try
Current hop .+ stamps 0, so not asking for stamp
Issuing for dest does not stamp
Issuing spoofed_timestamps
TS probe is .+ no reverse hop for dst that stamps 0
TS probe is .+ no reverse hop for dst that stamps 0
TS probe is .+ no reverse hop for dst that stamps 0
TS probe is .+ no reverse hop for dst that stamps 0
TS probe is .+ no reverse hop for dst that stamps 0
TS adjacents left to try
Current hop .+ stamps 0, so not asking for stamp
Issuing for dest does not stamp
Issuing spoofed_timestamps
TS probe is .+ no reverse hop for dst that stamps 0
TS probe is .+ no reverse hop for dst that stamps 0
TS probe is .+ no reverse hop for dst that stamps 0
TS probe is .+ no reverse hop for dst that stamps 0
TS probe is .+ no reverse hop for dst that stamps 0
TS adjacents left to try
Current hop .+ stamps 0, so not asking for stamp
Issuing for dest does not stamp
Issuing spoofed_timestamps
REACHED
--------
Checking .+ for traceroutes to source
Initializing RR VPs
RR VPs left to try
using non_spoofed
Issuing recordroutes
RR VPs left to try
Issuing spoofed recordroutes
RR VPs left to try
Issuing spoofed recordroutes
RR VPs left to try
Issuing spoofed recordroutes
Current hop .+ seems to be unresponsive
Adjacents for .+ are
TS adjacents left to try
Issuing timestamps
Issuing spoofed_timestamps
Current hop .+ seems to be TS unresponsive
Issuing traceroutes
REACHED
--------
Checking .+ for traceroutes to source
TS adjacents left to try
Current hop .+ stamps 0, so not asking for stamp
Issuing for dest does not stamp
Issuing spoofed_timestamps
TS probe is .+ no reverse hop for dst that stamps 0
TS probe is .+ no reverse hop for dst that stamps 0
TS probe is .+ no reverse hop for dst that stamps 0
TS probe is .+ no reverse hop for dst that stamps 0
TS probe is .+ no reverse hop for dst that stamps 0
TS adjacents left to try
Current hop .+ stamps 0, so not asking for stamp
Issuing for dest does not stamp
Issuing spoofed_timestamps
REACHED
--------
Checking .+ for traceroutes to source
Initializing RR VPs
RR VPs left to try
using non_spoofed
Issuing recordroutes
RR VPs left to try
Issuing spoofed recordroutes
RR VPs left to try
Issuing spoofed recordroutes
RR VPs left to try
Issuing spoofed recordroutes
Current hop .+ seems to be unresponsive
Adjacents for .+ are
TS adjacents left to try
Issuing timestamps
Issuing spoofed_timestamps
Current hop .+ seems to be TS unresponsive
Issuing traceroutes
REACHED
--------
Checking .+ for traceroutes to source
TS adjacents left to try
Current hop .+ stamps 0, so not asking for stamp
Issuing for dest does not stamp
Issuing spoofed_timestamps
REACHED
--------
Checking .+ for traceroutes to source
Initializing RR VPs
RR VPs left to try
using non_spoofed
Issuing recordroutes
RR VPs left to try
Issuing spoofed recordroutes
RR VPs left to try
Issuing spoofed recordroutes
RR VPs left to try
Issuing spoofed recordroutes
Current hop .+ seems to be unresponsive
Adjacents for .+ are
TS adjacents left to try
Issuing timestamps
Issuing spoofed_timestamps
Current hop .+ seems to be TS unresponsive
Issuing traceroutes
REACHED
--------
Checking .+ for traceroutes to source
TS adjacents left to try
Current hop .+ stamps 0, so not asking for stamp
Issuing for dest does not stamp
Issuing spoofed_timestamps
REACHED
--------
Checking .+ for traceroutes to source
Initializing RR VPs
RR VPs left to try
using non_spoofed
Issuing recordroutes
RR VPs left to try
Issuing spoofed recordroutes
RR VPs left to try
Issuing spoofed recordroutes
RR VPs left to try
Issuing spoofed recordroutes
Current hop .+ seems to be unresponsive
Adjacents for .+ are
TS adjacents left to try
Issuing timestamps
Issuing spoofed_timestamps
Current hop .+ seems to be TS unresponsive
Issuing traceroutes
REACHED
--------
Checking .+ for traceroutes to source
TS adjacents left to try
Current hop .+ stamps 0, so not asking for stamp
Issuing for dest does not stamp
Issuing spoofed_timestamps
TS probe is .+ no reverse hop for dst that stamps 0
TS probe is .+ no reverse hop for dst that stamps 0
TS probe is .+ no reverse hop for dst that stamps 0
TS probe is .+ no reverse hop for dst that stamps 0
TS probe is .+ no reverse hop for dst that stamps 0
TS adjacents left to try
Current hop .+ stamps 0, so not asking for stamp
Issuing for dest does not stamp
Issuing spoofed_timestamps
TS probe is .+ no reverse hop for dst that stamps 0
TS probe is .+ no reverse hop for dst that stamps 0
TS probe is .+ no reverse hop for dst that stamps 0
TS probe is .+ no reverse hop for dst that stamps 0
TS probe is .+ no reverse hop for dst that stamps 0
TS adjacents left to try
Current hop .+ stamps 0, so not asking for stamp
Issuing for dest does not stamp
Issuing spoofed_timestamps
TS probe is .+ no reverse hop for dst that stamps 0
TS probe is .+ no reverse hop for dst that stamps 0
TS probe is .+ no reverse hop for dst that stamps 0
TS probe is .+ no reverse hop for dst that stamps 0
TS probe is .+ no reverse hop for dst that stamps 0
TS adjacents left to try
Current hop .+ stamps 0, so not asking for stamp
Issuing for dest does not stamp
Issuing spoofed_timestamps
TS probe is .+ no reverse hop for dst that stamps 0
TS probe is .+ no reverse hop for dst that stamps 0
TS probe is .+ no reverse hop for dst that stamps 0
TS probe is .+ no reverse hop for dst that stamps 0
TS adjacents left to try
No adjacents to
Rev Seg is
REACHED
--------
Checking .+ for traceroutes to source
REACHED
--------
Issuing traceroutes
Issuing traceroutes
Rev Seg is
Checking .+ for traceroutes to source
REACHED
--------
Issuing traceroutes
Rev Seg is
Checking .+ for traceroutes to source
Initializing RR VPs
RR VPs left to try
using non_spoofed
Issuing recordroutes
TS adjacents left to try
No adjacents to
Rev Seg is
REACHED
--------
Checking .+ for traceroutes to source
Initializing RR VPs
RR VPs left to try
using non_spoofed
Issuing recordroutes
RR VPs left to try
Issuing spoofed recordroutes
RR VPs left to try
Issuing spoofed recordroutes
RR VPs left to try
Issuing spoofed recordroutes
Current hop .+ seems to be unresponsive
Adjacents for .+ are
TS adjacents left to try
Issuing timestamps
Issuing spoofed_timestamps
Current hop .+ seems to be TS unresponsive
Rev Seg is
REACHED
--------
Checking .+ for traceroutes to source
Checking .+ for traceroutes to source
Initializing RR VPs
RR VPs left to try
using non_spoofed
Issuing recordroutes
RR VPs left to try
Issuing spoofed recordroutes
RR VPs left to try
Issuing spoofed recordroutes
RR VPs left to try
Issuing spoofed recordroutes
Current hop .+ seems to be unresponsive
Current hop .+ seems to be unresponsive
Adjacents for .+ are
TS adjacents left to try
Issuing timestamps
Issuing spoofed_timestamps
Current hop .+ seems to be TS unresponsive
Rev Seg is
REACHED
--------
Checking .+ for traceroutes to source
Checking .+ for traceroutes to source
Checking .+ for traceroutes to source
Initializing RR VPs
RR VPs left to try
using non_spoofed
Issuing recordroutes
RR VPs left to try
Issuing spoofed recordroutes
RR VPs left to try
Issuing spoofed recordroutes
RR VPs left to try
Issuing spoofed recordroutes
Current hop .+ seems to be unresponsive
Current hop .+ seems to be unresponsive
Current hop .+ seems to be unresponsive
Adjacents for .+ are
TS adjacents left to try
Issuing timestamps
Issuing spoofed_timestamps
Current hop .+ seems to be TS unresponsive
Rev Seg is
REACHED
--------
Checking .+ for traceroutes to source
Checking .+ for traceroutes to source
Checking .+ for traceroutes to source
Checking .+ for traceroutes to source
Initializing RR VPs
RR VPs left to try
using non_spoofed
Issuing recordroutes
RR VPs left to try
Issuing spoofed recordroutes
RR VPs left to try
Issuing spoofed recordroutes
Current hop .+ seems to be unresponsive
Current hop .+ seems to be unresponsive
Current hop .+ seems to be unresponsive
Adjacents for .+ are
TS adjacents left to try
Issuing timestamps
Issuing timestamps
Issuing spoofed_timestamps
REACHED
--------
Checking .+ for traceroutes to source
REACHED
--------
Issuing traceroutes

