0 1,0,0,0,0 active 1
1 0,1,0,0,0 active 4
2 0,0,1,0,0 active 2
3 0,0,0,1,0 active 3
4 0,0,0,0,1 active 0
0 2,0,0,0,0 send1 1 1
1 2,2,0,0,0 recv1 1 1
4 0,0,0,0,2 send1 0 2
0 3,0,0,0,2 recv1 0 2
1 2,3,0,0,0 send2 1 3
2 2,3,2,0,0 recv2 1
3 0,0,0,2,0 send1 3 4
4 0,0,0,2,3 recv1 3 4
4 0,0,0,2,4 send2 3 5
0 4,0,0,2,4 recv2 3
0 5,0,0,2,4 relay
1 2,4,0,0,0 send1 4 6
2 2,4,3,0,0 recv1 4 6
2 2,4,4,0,0 send2 4 7
3 2,4,4,3,0 recv2 4
0 6,0,0,2,4 send2 0 8
1 6,5,0,2,4 recv2 0
1 6,6,0,2,4 relay
2 2,4,5,0,0 active 4
2 2,4,6,0,0 send1 2 9
3 2,4,6,4,0 recv1 2 9
3 2,4,6,5,0 relay
3 2,4,6,6,0 send2 2 10
4 2,4,6,6,5 recv2 2
4 2,4,6,6,6 active 3
2 2,4,7,0,0 send1 4 11
3 2,4,7,7,0 recv1 4 11
3 2,4,7,8,0 send1 4 12
4 2,4,7,8,7 recv1 4 12
4 2,4,7,8,8 send1 3 13
0 7,4,7,8,8 recv1 3 13
0 8,4,7,8,8 send1 3 14
1 8,7,7,8,8 recv1 3 14
1 8,8,7,8,8 send1 3 15
2 8,8,8,8,8 recv1 3 15
2 8,8,9,8,8 send2 3 16
3 8,8,9,9,8 recv2 3
3 8,8,9,10,8 send2 3 17
4 8,8,9,10,9 recv2 3
4 8,8,9,10,10 send2 4 18
0 9,8,9,10,10 recv2 4
0 10,8,9,10,10 send2 4 19
1 10,9,9,10,10 recv2 4
1 10,10,9,10,10 send2 4 20
2 10,10,10,10,10 recv2 4
2 10,10,11,10,10 relay
4 8,8,9,10,11 active 4
4 8,8,9,10,12 send1 4 21
0 11,8,9,10,12 recv1 4 21
0 12,8,9,10,12 send1 4 22
1 12,11,9,10,12 recv1 4 22
1 12,12,9,10,12 send1 4 23
2 12,12,12,10,12 recv1 4 23
2 12,12,13,10,12 send1 4 24
3 12,12,13,11,12 recv1 4 24
3 12,12,13,12,12 send1 4 25
4 12,12,13,12,13 recv1 4 25
4 12,12,13,12,14 leader 4
