Connecting to tr_server
Issuing traceroutes
Connecting to controller
Rev Seg is
Checking .+ for traceroutes to source
REACHED
Issuing traceroutes
Rev Seg is
Checking .+ for traceroutes to source
REACHED
Issuing traceroutes
Rev Seg is
Checking .+ for traceroutes to source
Initializing RR VPs
Connecting to vp_server
RR VPs left to try
using non_spoofed
Issuing recordroutes
RR VPs left to try
Issuing spoofed recordroutes
RR VPs left to try
Issuing spoofed recordroutes
RR VPs left to try
Issuing spoofed recordroutes
Connecting to adjacency_server
TS adjacents left to try
No adjacents to
Rev Seg is
FOUND
Checking .+ for traceroutes to source
Initializing RR VPs
RR VPs left to try
using non_spoofed
Issuing recordroutes
RR VPs left to try
Issuing spoofed recordroutes
RR VPs left to try
Issuing spoofed recordroutes
RR VPs left to try
Issuing spoofed recordroutes
Adjacents for .+ are
TS adjacents left to try
Issuing timestamps
Issuing spoofed_timestamps
TS adjacents left to try
Issuing spoofed_timestamps
TS adjacents left to try
Issuing spoofed_timestamps
TS adjacents left to try
Issuing spoofed_timestamps
TS adjacents left to try
Issuing spoofed_timestamps
TS adjacents left to try
Issuing spoofed_timestamps
TS adjacents left to try
Issuing spoofed_timestamps
TS adjacents left to try
Issuing spoofed_timestamps
TS adjacents left to try
Issuing spoofed_timestamps
TS adjacents left to try
Issuing spoofed_timestamps
TS adjacents left to try
Issuing spoofed_timestamps
TS adjacents left to try
Issuing spoofed_timestamps
TS adjacents left to try
Issuing spoofed_timestamps
TS adjacents left to try
Issuing spoofed_timestamps
TS adjacents left to try
Issuing spoofed_timestamps
TS adjacents left to try
Issuing spoofed_timestamps
TS adjacents left to try
No adjacents to
Backing off along current path
Rev Seg is
FOUND
Checking .+ for traceroutes to source
Checking .+ for traceroutes to source
Initializing RR VPs
RR VPs left to try
using non_spoofed
Issuing recordroutes
RR VPs left to try
Issuing spoofed recordroutes
RR VPs left to try
Issuing spoofed recordroutes
RR VPs left to try
Issuing spoofed recordroutes
RR VPs left to try
Issuing spoofed recordroutes
RR VPs left to try
Issuing spoofed recordroutes
RR VPs left to try
Issuing spoofed recordroutes
RR VPs left to try
Issuing spoofed recordroutes
RR VPs left to try
Issuing spoofed recordroutes
FOUND
Checking .+ for traceroutes to source
Initializing RR VPs
RR VPs left to try
using non_spoofed
Issuing recordroutes
RR VPs left to try
FOUND RECENT SPOOFER TO USE
Issuing spoofed recordroutes
FOUND
Checking .+ for traceroutes to source
Initializing RR VPs
RR VPs left to try
using non_spoofed
Issuing recordroutes
RR VPs left to try
FOUND RECENT SPOOFER TO USE
Issuing spoofed recordroutes
FOUND
Checking .+ for traceroutes to source
Initializing RR VPs
RR VPs left to try
using non_spoofed
Issuing recordroutes
RR VPs left to try
FOUND RECENT SPOOFER TO USE
Issuing spoofed recordroutes
FOUND
Checking .+ for traceroutes to source
Initializing RR VPs
RR VPs left to try
using non_spoofed
Issuing recordroutes
RR VPs left to try
FOUND RECENT SPOOFER TO USE
Issuing spoofed recordroutes
FOUND
Checking .+ for traceroutes to source
Initializing RR VPs
RR VPs left to try
using non_spoofed
Issuing recordroutes
RR VPs left to try
FOUND RECENT SPOOFER TO USE
Issuing spoofed recordroutes
FOUND
Checking .+ for traceroutes to source
REACHED
Issuing traceroutes
Rev Seg is
Checking .+ for traceroutes to source
Initializing RR VPs
RR VPs left to try
using non_spoofed
Issuing recordroutes
RR VPs left to try
Issuing spoofed recordroutes
RR VPs left to try
Issuing spoofed recordroutes
RR VPs left to try
Issuing spoofed recordroutes
TS adjacents left to try
No adjacents to
Rev Seg is
FOUND
Checking .+ for traceroutes to source
Initializing RR VPs
RR VPs left to try
using non_spoofed
Issuing recordroutes
RR VPs left to try
Issuing spoofed recordroutes
RR VPs left to try
Issuing spoofed recordroutes
RR VPs left to try
Issuing spoofed recordroutes
Adjacents for .+ are
TS adjacents left to try
Issuing timestamps
TS probe is non_spoofed .+ no reverse hop found
TS adjacents left to try
Issuing timestamps
TS probe is non_spoofed .+ no reverse hop found
TS adjacents left to try
Issuing timestamps
TS probe is non_spoofed .+ no reverse hop found
TS adjacents left to try
Issuing timestamps
TS probe is non_spoofed .+ no reverse hop found
TS adjacents left to try
Issuing timestamps
TS probe is non_spoofed .+ no reverse hop found
TS adjacents left to try
Issuing timestamps
TS probe is non_spoofed .+ no reverse hop found
TS adjacents left to try
Issuing timestamps
TS probe is non_spoofed .+ no reverse hop found
TS adjacents left to try
Issuing timestamps
TS probe is non_spoofed .+ no reverse hop found
TS adjacents left to try
Issuing timestamps
TS probe is non_spoofed .+ no reverse hop found
TS adjacents left to try
Issuing timestamps
TS probe is non_spoofed .+ no reverse hop found
TS adjacents left to try
Issuing timestamps
TS probe is non_spoofed .+ no reverse hop found
TS adjacents left to try
Issuing timestamps
TS probe is non_spoofed .+ no reverse hop found
TS adjacents left to try
Issuing timestamps
TS probe is non_spoofed .+ no reverse hop found
TS adjacents left to try
Issuing timestamps
TS probe is non_spoofed .+ no reverse hop found
TS adjacents left to try
Issuing timestamps
TS probe is non_spoofed .+ no reverse hop found
TS adjacents left to try
Issuing timestamps
TS probe is non_spoofed .+ no reverse hop found
TS adjacents left to try
No adjacents to
Backing off along current path
Rev Seg is
FOUND
Checking .+ for traceroutes to source
Checking .+ for traceroutes to source
Initializing RR VPs
RR VPs left to try
using non_spoofed
Issuing recordroutes
RR VPs left to try
Issuing spoofed recordroutes
RR VPs left to try
Issuing spoofed recordroutes
RR VPs left to try
Issuing spoofed recordroutes
RR VPs left to try
Issuing spoofed recordroutes
RR VPs left to try
Issuing spoofed recordroutes
RR VPs left to try
Issuing spoofed recordroutes
RR VPs left to try
Issuing spoofed recordroutes
RR VPs left to try
Issuing spoofed recordroutes
FOUND
Checking .+ for traceroutes to source
Initializing RR VPs
RR VPs left to try
using non_spoofed
Issuing recordroutes
RR VPs left to try
FOUND RECENT SPOOFER TO USE
Issuing spoofed recordroutes
FOUND
Checking .+ for traceroutes to source
Initializing RR VPs
RR VPs left to try
using non_spoofed
Issuing recordroutes
RR VPs left to try
FOUND RECENT SPOOFER TO USE
Issuing spoofed recordroutes
FOUND
Checking .+ for traceroutes to source
Initializing RR VPs
RR VPs left to try
using non_spoofed
Issuing recordroutes
RR VPs left to try
FOUND RECENT SPOOFER TO USE
Issuing spoofed recordroutes
FOUND
Checking .+ for traceroutes to source
Initializing RR VPs
RR VPs left to try
using non_spoofed
Issuing recordroutes
RR VPs left to try
FOUND RECENT SPOOFER TO USE
Issuing spoofed recordroutes
FOUND
Checking .+ for traceroutes to source
Initializing RR VPs
RR VPs left to try
using non_spoofed
Issuing recordroutes
RR VPs left to try
FOUND RECENT SPOOFER TO USE
Issuing spoofed recordroutes
FOUND
Checking .+ for traceroutes to source
Initializing RR VPs
RR VPs left to try
using non_spoofed
Issuing recordroutes
RR VPs left to try
FOUND RECENT SPOOFER TO USE
Issuing spoofed recordroutes
FOUND
Checking .+ for traceroutes to source
Checking .+ for traceroutes to source
Initializing RR VPs
RR VPs left to try
using non_spoofed
Issuing recordroutes
RR VPs left to try
FOUND RECENT SPOOFER TO USE
Issuing spoofed recordroutes
RR VPs left to try
Issuing spoofed recordroutes
RR VPs left to try
Issuing spoofed recordroutes
Current hop .+ seems to be unresponsive
RR VPs left to try
using non_spoofed
Issuing recordroutes
Current hop .+ seems to be unresponsive
RR VPs left to try
FOUND RECENT SPOOFER TO USE
Issuing spoofed recordroutes
FOUND
Checking .+ for traceroutes to source
Checking .+ for traceroutes to source
Initializing RR VPs
RR VPs left to try
using non_spoofed
Issuing recordroutes
RR VPs left to try
FOUND RECENT SPOOFER TO USE
Issuing spoofed recordroutes
RR VPs left to try
Issuing spoofed recordroutes
RR VPs left to try
Issuing spoofed recordroutes
Current hop .+ seems to be unresponsive
RR VPs left to try
using non_spoofed
Issuing recordroutes
Current hop .+ seems to be unresponsive
RR VPs left to try
FOUND RECENT SPOOFER TO USE
Issuing spoofed recordroutes
Current hop .+ seems to be unresponsive
RR VPs left to try
Issuing spoofed recordroutes
Current hop .+ seems to be unresponsive
RR VPs left to try
Issuing spoofed recordroutes
Current hop .+ seems to be unresponsive
Current hop .+ seems to be unresponsive
Adjacents for .+ are
TS adjacents left to try
Issuing timestamps
Issuing spoofed_timestamps
Current hop .+ seems to be TS unresponsive
Issuing traceroutes
NONE
Checking .+ for traceroutes to source
Current hop .+ seems to be unresponsive
Adjacents for .+ are
TS adjacents left to try
Issuing timestamps
Issuing spoofed_timestamps
Current hop .+ seems to be TS unresponsive
Issuing traceroutes
NONE
Checking .+ for traceroutes to source
Checking .+ for traceroutes to source
Current hop .+ seems to be unresponsive
RR VPs left to try
Issuing spoofed recordroutes
Current hop .+ seems to be unresponsive
RR VPs left to try
Issuing spoofed recordroutes
Current hop .+ seems to be unresponsive
RR VPs left to try
Issuing spoofed recordroutes
Current hop .+ seems to be unresponsive
RR VPs left to try
Issuing spoofed recordroutes
Current hop .+ seems to be unresponsive
RR VPs left to try
Issuing spoofed recordroutes
Current hop .+ seems to be unresponsive
RR VPs left to try
Issuing spoofed recordroutes
Current hop .+ seems to be unresponsive
RR VPs left to try
Issuing spoofed recordroutes
Current hop .+ seems to be unresponsive
RR VPs left to try
Issuing spoofed recordroutes
Current hop .+ seems to be unresponsive
RR VPs left to try
Issuing spoofed recordroutes
Current hop .+ seems to be unresponsive
RR VPs left to try
Issuing spoofed recordroutes
Current hop .+ seems to be unresponsive
Adjacents for .+ are
TS adjacents left to try
Issuing timestamps
Issuing spoofed_timestamps
Current hop .+ seems to be TS unresponsive
Issuing traceroutes
NONE
Checking .+ for traceroutes to source
Adjacents for .+ are
TS adjacents left to try
Issuing timestamps
TS probe is non_spoofed .+ no reverse hop found
TS adjacents left to try
Issuing timestamps
TS probe is non_spoofed .+ no reverse hop found
TS adjacents left to try
Issuing timestamps
TS probe is non_spoofed .+ no reverse hop found
TS adjacents left to try
Issuing timestamps
TS probe is non_spoofed .+ no reverse hop found
TS adjacents left to try
Issuing timestamps
TS probe is non_spoofed .+ no reverse hop found
TS adjacents left to try
Issuing timestamps
TS probe is non_spoofed .+ no reverse hop found
TS adjacents left to try
Issuing timestamps
TS probe is non_spoofed .+ no reverse hop found
TS adjacents left to try
Issuing timestamps
TS probe is non_spoofed .+ no reverse hop found
TS adjacents left to try
Issuing timestamps
TS probe is non_spoofed .+ no reverse hop found
TS adjacents left to try
Issuing timestamps
TS probe is non_spoofed .+ no reverse hop found
TS adjacents left to try
Issuing timestamps
TS probe is non_spoofed .+ reverse hop!
TS adjacents left to try
Issuing timestamps
TS probe is non_spoofed .+ no reverse hop found
TS adjacents left to try
Issuing timestamps
TS probe is non_spoofed .+ no reverse hop found
TS adjacents left to try
Issuing timestamps
TS probe is non_spoofed .+ no reverse hop found
TS adjacents left to try
Issuing timestamps
TS probe is non_spoofed .+ no reverse hop found
TS adjacents left to try
No adjacents to
Issuing traceroutes
Rev Seg is
FOUND
Checking .+ for traceroutes to source
Checking .+ for traceroutes to source
Initializing RR VPs
RR VPs left to try
using non_spoofed
Issuing recordroutes
FOUND
Checking .+ for traceroutes to source
Checking .+ for traceroutes to source
Checking .+ for traceroutes to source
Initializing RR VPs
RR VPs left to try
using non_spoofed
Issuing recordroutes
RR VPs left to try
Issuing spoofed recordroutes
RR VPs left to try
Issuing spoofed recordroutes
RR VPs left to try
Issuing spoofed recordroutes
Current hop .+ seems to be unresponsive
RR VPs left to try
using non_spoofed
Issuing recordroutes
Current hop .+ seems to be unresponsive
RR VPs left to try
Issuing spoofed recordroutes
Current hop .+ seems to be unresponsive
RR VPs left to try
Issuing spoofed recordroutes
Current hop .+ seems to be unresponsive
RR VPs left to try
Issuing spoofed recordroutes
Current hop .+ seems to be unresponsive
Current hop .+ seems to be unresponsive
RR VPs left to try
using non_spoofed
Issuing recordroutes
Current hop .+ seems to be unresponsive
Current hop .+ seems to be unresponsive
RR VPs left to try
Issuing spoofed recordroutes
Current hop .+ seems to be unresponsive
Current hop .+ seems to be unresponsive
RR VPs left to try
Issuing spoofed recordroutes
Current hop .+ seems to be unresponsive
Current hop .+ seems to be unresponsive
RR VPs left to try
Issuing spoofed recordroutes
Current hop .+ seems to be unresponsive
Current hop .+ seems to be unresponsive
Current hop .+ seems to be unresponsive
Adjacents for .+ are
TS adjacents left to try
Issuing timestamps
TS adjacents left to try
Issuing spoofed_timestamps
Current hop .+ seems to be TS unresponsive
Issuing traceroutes
NONE
Checking .+ for traceroutes to source
Checking .+ for traceroutes to source
Current hop .+ seems to be unresponsive
Current hop .+ seems to be unresponsive
Adjacents for .+ are
TS adjacents left to try
Issuing timestamps
TS adjacents left to try
Issuing spoofed_timestamps
Current hop .+ seems to be TS unresponsive
Issuing traceroutes
NONE
Checking .+ for traceroutes to source
Current hop .+ seems to be unresponsive
Adjacents for .+ are
TS adjacents left to try
Issuing timestamps
TS adjacents left to try
Issuing spoofed_timestamps
Current hop .+ seems to be TS unresponsive
Issuing traceroutes
NONE
Checking .+ for traceroutes to source
Checking .+ for traceroutes to source
RR VPs left to try
Issuing spoofed recordroutes
Current hop .+ seems to be unresponsive
Adjacents for .+ are
TS adjacents left to try
Issuing timestamps
TS probe is non_spoofed .+ no reverse hop found
TS adjacents left to try
Issuing timestamps
TS probe is non_spoofed .+ no reverse hop found
TS adjacents left to try
Issuing timestamps
TS probe is non_spoofed .+ no reverse hop found
TS adjacents left to try
Issuing timestamps
TS probe is non_spoofed .+ no reverse hop found
TS adjacents left to try
Issuing timestamps
TS probe is non_spoofed .+ no reverse hop found
TS adjacents left to try
Issuing timestamps
TS probe is non_spoofed .+ no reverse hop found
TS adjacents left to try
Issuing timestamps
TS probe is non_spoofed .+ no reverse hop found
TS adjacents left to try
Issuing timestamps
TS probe is non_spoofed .+ no reverse hop found
TS adjacents left to try
Issuing timestamps
TS probe is non_spoofed .+ no reverse hop found
TS adjacents left to try
Issuing timestamps
TS probe is non_spoofed .+ no reverse hop found
TS adjacents left to try
Issuing timestamps
TS probe is non_spoofed .+ no reverse hop found
TS adjacents left to try
Issuing timestamps
TS probe is non_spoofed .+ no reverse hop found
TS adjacents left to try
Issuing timestamps
TS probe is non_spoofed .+ no reverse hop found
TS adjacents left to try
Issuing timestamps
TS probe is non_spoofed .+ no reverse hop found
TS adjacents left to try
Issuing timestamps
TS probe is non_spoofed .+ no reverse hop found
TS adjacents left to try
Issuing timestamps
TS probe is non_spoofed .+ no reverse hop found
TS adjacents left to try
No adjacents to
Backing off along current path
Rev Seg is
FOUND
Checking .+ for traceroutes to source
Checking .+ for traceroutes to source
Checking .+ for traceroutes to source
Initializing RR VPs
RR VPs left to try
using non_spoofed
Issuing recordroutes
RR VPs left to try
Issuing spoofed recordroutes
RR VPs left to try
Issuing spoofed recordroutes
RR VPs left to try
Issuing spoofed recordroutes
RR VPs left to try
Issuing spoofed recordroutes
Current hop .+ seems to be unresponsive
Adjacents for .+ are
TS adjacents left to try
Issuing timestamps
Issuing for dest does not stamp
Issuing spoofed_timestamps
TS probe is .+ dst does not stamp, but spoofer .+ got a stamp
TS probe is .+ dst does not stamp, but spoofer .+ got a stamp
TS probe is .+ dst does not stamp, but spoofer .+ got a stamp
TS probe is .+ dst does not stamp, but spoofer .+ got a stamp
TS probe is .+ dst does not stamp, but spoofer .+ got a stamp
Issuing to verify for dest does not stamp
Issuing timestamps
TS adjacents left to try
Current hop .+ stamps 0, so not asking for stamp
Issuing for dest does not stamp
Issuing spoofed_timestamps
FOUND
Checking .+ for traceroutes to source
REACHED
Issuing traceroutes
Issuing traceroutes
Rev Seg is
Checking .+ for traceroutes to source
REACHED
Issuing traceroutes
Rev Seg is
Checking .+ for traceroutes to source
REACHED
Issuing traceroutes
Rev Seg is
Checking .+ for traceroutes to source
REACHED
Issuing traceroutes
Rev Seg is
Checking .+ for traceroutes to source
REACHED
Issuing traceroutes
Rev Seg is
Checking .+ for traceroutes to source
REACHED
Issuing traceroutes
Rev Seg is
Checking .+ for traceroutes to source
REACHED

