Connecting to tr_server
Issuing traceroutes
Connecting to controller
Rev Seg is
Checking .+ for traceroutes to source
NONE
Issuing traceroutes
Rev Seg is
Checking .+ for traceroutes to source
NONE
Issuing traceroutes
Rev Seg is
Checking .+ for traceroutes to source
NONE
Issuing traceroutes
Rev Seg is
Checking .+ for traceroutes to source
NONE
Issuing traceroutes
Issuing traceroutes
Rev Seg is
Checking .+ for traceroutes to source
NONE
Issuing traceroutes
Rev Seg is
Checking .+ for traceroutes to source
NONE
Issuing traceroutes
Rev Seg is
Checking .+ for traceroutes to source
NONE
Issuing traceroutes
Rev Seg is
Checking .+ for traceroutes to source
NONE
Issuing traceroutes
Rev Seg is
Checking .+ for traceroutes to source
NONE
Issuing traceroutes
Rev Seg is
Checking .+ for traceroutes to source
NONE

