Connecting to tr_server
Issuing traceroutes
Connecting to controller
Rev Seg is
Checking .+ for traceroutes to source
Initializing RR VPs
Connecting to vp_server
RR VPs left to try
using non_spoofed
Issuing recordroutes
RR VPs left to try
Issuing spoofed recordroutes
RR VPs left to try
Issuing spoofed recordroutes
RR VPs left to try
Issuing spoofed recordroutes
Current hop .+ seems to be unresponsive
Connecting to adjacency_server
TS adjacents left to try
Issuing spoofed_timestamps
Current hop .+ seems to be TS unresponsive
Rev Seg is
NONE
Checking .+ for traceroutes to source
NONE
Issuing traceroutes
Rev Seg is
Checking .+ for traceroutes to source
Initializing RR VPs
RR VPs left to try
using non_spoofed
Issuing recordroutes
RR VPs left to try
Issuing spoofed recordroutes
RR VPs left to try
Issuing spoofed recordroutes
RR VPs left to try
Issuing spoofed recordroutes
Current hop .+ seems to be unresponsive
TS adjacents left to try
Issuing spoofed_timestamps
Current hop .+ seems to be TS unresponsive
Rev Seg is
NONE
Checking .+ for traceroutes to source
NONE
Issuing traceroutes
Rev Seg is
Checking .+ for traceroutes to source
NONE
Issuing traceroutes
Rev Seg is
Checking .+ for traceroutes to source
Initializing RR VPs
RR VPs left to try
using non_spoofed
Issuing recordroutes
RR VPs left to try
Issuing spoofed recordroutes
RR VPs left to try
Issuing spoofed recordroutes
RR VPs left to try
Issuing spoofed recordroutes
Current hop .+ seems to be unresponsive
TS adjacents left to try
Issuing spoofed_timestamps
Current hop .+ seems to be TS unresponsive
Rev Seg is
NONE
Checking .+ for traceroutes to source
NONE
Issuing traceroutes
Rev Seg is
Checking .+ for traceroutes to source
NONE
Issuing traceroutes
Rev Seg is
Checking .+ for traceroutes to source
Initializing RR VPs
RR VPs left to try
using non_spoofed
Issuing recordroutes
RR VPs left to try
Issuing spoofed recordroutes
RR VPs left to try
Issuing spoofed recordroutes
RR VPs left to try
Issuing spoofed recordroutes
Current hop .+ seems to be unresponsive
TS adjacents left to try
No adjacents to
Rev Seg is
NONE
Checking .+ for traceroutes to source
NONE
Issuing traceroutes
Rev Seg is
Checking .+ for traceroutes to source
NONE
Issuing traceroutes
Issuing traceroutes
Rev Seg is
Checking .+ for traceroutes to source
Initializing RR VPs
RR VPs left to try
using non_spoofed
Issuing recordroutes
RR VPs left to try
Issuing spoofed recordroutes
RR VPs left to try
Issuing spoofed recordroutes
RR VPs left to try
Issuing spoofed recordroutes
Current hop .+ seems to be unresponsive
TS adjacents left to try
Issuing spoofed_timestamps
Current hop .+ seems to be TS unresponsive
Rev Seg is
NONE
Checking .+ for traceroutes to source
NONE
Issuing traceroutes
Rev Seg is
Checking .+ for traceroutes to source
Initializing RR VPs
RR VPs left to try
using non_spoofed
Issuing recordroutes
RR VPs left to try
Issuing spoofed recordroutes
NONE
Checking .+ for traceroutes to source
Checking .+ for traceroutes to source
Initializing RR VPs
RR VPs left to try
using non_spoofed
Issuing recordroutes
RR VPs left to try
FOUND RECENT SPOOFER TO USE
Issuing spoofed recordroutes
NONE
Checking .+ for traceroutes to source
NONE

