Connecting to tr_server
Issuing traceroutes
Connecting to controller
Issuing traceroutes
Rev Seg is
Checking .+ for traceroutes to source
Initializing RR VPs
Connecting to vp_server
RR VPs left to try
using non_spoofed
Issuing recordroutes
RR VPs left to try
Issuing spoofed recordroutes
FOUND
Checking .+ for traceroutes to source
REACHED
Issuing traceroutes
Rev Seg is
Checking .+ for traceroutes to source
Initializing RR VPs
RR VPs left to try
using non_spoofed
Issuing recordroutes
RR VPs left to try
Issuing spoofed recordroutes
RR VPs left to try
Issuing spoofed recordroutes
RR VPs left to try
Issuing spoofed recordroutes
Connecting to adjacency_server
TS adjacents left to try
No adjacents to
Rev Seg is
FOUND
Checking .+ for traceroutes to source
Initializing RR VPs
RR VPs left to try
using non_spoofed
Issuing recordroutes
RR VPs left to try
Issuing spoofed recordroutes
FOUND
Checking .+ for traceroutes to source
REACHED
Issuing traceroutes
Rev Seg is
Checking .+ for traceroutes to source
REACHED
Issuing traceroutes
Rev Seg is
Checking .+ for traceroutes to source
REACHED
Issuing traceroutes
Rev Seg is
Checking .+ for traceroutes to source
Initializing RR VPs
RR VPs left to try
using non_spoofed
Issuing recordroutes
RR VPs left to try
Issuing spoofed recordroutes
FOUND
Checking .+ for traceroutes to source
REACHED
Issuing traceroutes
Rev Seg is
Checking .+ for traceroutes to source
REACHED
Issuing traceroutes
Rev Seg is
Checking .+ for traceroutes to source
Initializing RR VPs
RR VPs left to try
using non_spoofed
Issuing recordroutes
RR VPs left to try
Issuing spoofed recordroutes
FOUND
Checking .+ for traceroutes to source
REACHED
Issuing traceroutes
Rev Seg is
Checking .+ for traceroutes to source
Initializing RR VPs
RR VPs left to try
using non_spoofed
Issuing recordroutes
RR VPs left to try
Issuing spoofed recordroutes
RR VPs left to try
Issuing spoofed recordroutes
RR VPs left to try
Issuing spoofed recordroutes
TS adjacents left to try
No adjacents to
Rev Seg is
FOUND
Checking .+ for traceroutes to source
Initializing RR VPs
RR VPs left to try
using non_spoofed
Issuing recordroutes
RR VPs left to try
Issuing spoofed recordroutes
RR VPs left to try
Issuing spoofed recordroutes
RR VPs left to try
Issuing spoofed recordroutes
Adjacents for .+ are
TS adjacents left to try
Issuing timestamps
TS probe is non_spoofed .+ no reverse hop found
TS adjacents left to try
Issuing timestamps
TS probe is non_spoofed .+ no reverse hop found
TS adjacents left to try
Issuing timestamps
TS probe is non_spoofed .+ no reverse hop found
TS adjacents left to try
Issuing timestamps
TS probe is non_spoofed .+ no reverse hop found
TS adjacents left to try
Issuing timestamps
TS probe is non_spoofed .+ no reverse hop found
TS adjacents left to try
Issuing timestamps
TS probe is non_spoofed .+ reverse hop!
FOUND
Checking .+ for traceroutes to source
REACHED
Issuing traceroutes
Rev Seg is
Checking .+ for traceroutes to source
REACHED
Issuing traceroutes
Rev Seg is
Checking .+ for traceroutes to source
REACHED

