Connecting to tr_server
Issuing traceroutes
Connecting to controller
Rev Seg is
Checking .+ for traceroutes to source
REACHED
Issuing traceroutes
Rev Seg is
Checking .+ for traceroutes to source
REACHED
Issuing traceroutes
Rev Seg is
Checking .+ for traceroutes to source
REACHED
Issuing traceroutes
Rev Seg is
Checking .+ for traceroutes to source
REACHED
Issuing traceroutes
Rev Seg is
Checking .+ for traceroutes to source
REACHED
Issuing traceroutes
Rev Seg is
Checking .+ for traceroutes to source
Initializing RR VPs
Connecting to vp_server
RR VPs left to try
using non_spoofed
Issuing recordroutes
RR VPs left to try
Issuing spoofed recordroutes
RR VPs left to try
Issuing spoofed recordroutes
FOUND
Checking .+ for traceroutes to source
Checking .+ for traceroutes to source
REACHED
Issuing traceroutes
Rev Seg is
Checking .+ for traceroutes to source
REACHED
Issuing traceroutes
Rev Seg is
Checking .+ for traceroutes to source
REACHED
Issuing traceroutes
Issuing traceroutes
Rev Seg is
Checking .+ for traceroutes to source
REACHED
Issuing traceroutes
Rev Seg is
Checking .+ for traceroutes to source
REACHED

