TM, 0, tx_prepare, 0
TM, 1, tx_prepare, 0
TM, 2, tx_prepare, 0
0, TM, abort, 0
1, TM, commit, 0
2, TM, abort, 0
TM, 0, tx_abort, 0
TM, 1, tx_abort, 0
TM, 2, tx_abort, 0
TM, 0, tx_prepare, 1
TM, 1, tx_prepare, 1
TM, 2, tx_prepare, 1
0, TM, commit, 1
1, TM, abort, 1
2, TM, commit, 1
TM, 0, tx_abort, 1
TM, 1, tx_abort, 1
TM, 2, tx_abort, 1
TM, 0, tx_prepare, 2
TM, 1, tx_prepare, 2
TM, 2, tx_prepare, 2
0, TM, abort, 2
1, TM, abort, 2
2, TM, abort, 2
TM, 0, tx_abort, 2
TM, 1, tx_abort, 2
TM, 2, tx_abort, 2
TM, 0, tx_prepare, 3
TM, 1, tx_prepare, 3
TM, 2, tx_prepare, 3
0, TM, abort, 3
1, TM, commit, 3
2, TM, commit, 3
TM, 0, tx_abort, 3
TM, 1, tx_abort, 3
TM, 2, tx_abort, 3
TM, 0, tx_prepare, 4
TM, 1, tx_prepare, 4
TM, 2, tx_prepare, 4
0, TM, commit, 4
1, TM, abort, 4
2, TM, abort, 4
TM, 0, tx_abort, 4
TM, 1, tx_abort, 4
TM, 2, tx_abort, 4
TM, 0, tx_prepare, 5
TM, 1, tx_prepare, 5
TM, 2, tx_prepare, 5
0, TM, abort, 5
1, TM, commit, 5
2, TM, commit, 5
TM, 0, tx_abort, 5
TM, 1, tx_abort, 5
TM, 2, tx_abort, 5
TM, 0, tx_prepare, 6
TM, 1, tx_prepare, 6
TM, 2, tx_prepare, 6
0, TM, commit, 6
1, TM, commit, 6
2, TM, abort, 6
TM, 0, tx_abort, 6
TM, 1, tx_abort, 6
TM, 2, tx_abort, 6
TM, 0, tx_prepare, 7
TM, 1, tx_prepare, 7
TM, 2, tx_prepare, 7
0, TM, commit, 7
1, TM, abort, 7
2, TM, commit, 7
TM, 0, tx_abort, 7
TM, 1, tx_abort, 7
TM, 2, tx_abort, 7
TM, 0, tx_prepare, 8
TM, 1, tx_prepare, 8
TM, 2, tx_prepare, 8
0, TM, abort, 8
1, TM, abort, 8
2, TM, abort, 8
TM, 0, tx_abort, 8
TM, 1, tx_abort, 8
TM, 2, tx_abort, 8
TM, 0, tx_prepare, 9
TM, 1, tx_prepare, 9
TM, 2, tx_prepare, 9
0, TM, abort, 9
1, TM, commit, 9
2, TM, abort, 9
TM, 0, tx_abort, 9
TM, 1, tx_abort, 9
TM, 2, tx_abort, 9
TM, 0, tx_prepare, 10
TM, 1, tx_prepare, 10
TM, 2, tx_prepare, 10
0, TM, abort, 10
1, TM, abort, 10
2, TM, abort, 10
TM, 0, tx_abort, 10
TM, 1, tx_abort, 10
TM, 2, tx_abort, 10
TM, 0, tx_prepare, 11
TM, 1, tx_prepare, 11
TM, 2, tx_prepare, 11
0, TM, abort, 11
1, TM, commit, 11
2, TM, commit, 11
TM, 0, tx_abort, 11
TM, 1, tx_abort, 11
TM, 2, tx_abort, 11
TM, 0, tx_prepare, 12
TM, 1, tx_prepare, 12
TM, 2, tx_prepare, 12
0, TM, commit, 12
1, TM, abort, 12
2, TM, commit, 12
TM, 0, tx_abort, 12
TM, 1, tx_abort, 12
TM, 2, tx_abort, 12
TM, 0, tx_prepare, 13
TM, 1, tx_prepare, 13
TM, 2, tx_prepare, 13
0, TM, commit, 13
1, TM, commit, 13
2, TM, commit, 13
TM, 0, tx_commit, 13
TM, 1, tx_commit, 13
TM, 2, tx_commit, 13
TM, 0, tx_prepare, 14
TM, 1, tx_prepare, 14
TM, 2, tx_prepare, 14
0, TM, abort, 14
1, TM, commit, 14
2, TM, commit, 14
TM, 0, tx_abort, 14
TM, 1, tx_abort, 14
TM, 2, tx_abort, 14
TM, 0, tx_prepare, 15
TM, 1, tx_prepare, 15
TM, 2, tx_prepare, 15
0, TM, abort, 15
1, TM, abort, 15
2, TM, commit, 15
TM, 0, tx_abort, 15
TM, 1, tx_abort, 15
TM, 2, tx_abort, 15
TM, 0, tx_prepare, 16
TM, 1, tx_prepare, 16
TM, 2, tx_prepare, 16
0, TM, commit, 16
1, TM, abort, 16
2, TM, abort, 16
TM, 0, tx_abort, 16
TM, 1, tx_abort, 16
TM, 2, tx_abort, 16
TM, 0, tx_prepare, 17
TM, 1, tx_prepare, 17
TM, 2, tx_prepare, 17
0, TM, commit, 17
1, TM, abort, 17
2, TM, abort, 17
TM, 0, tx_abort, 17
TM, 1, tx_abort, 17
TM, 2, tx_abort, 17
TM, 0, tx_prepare, 18
TM, 1, tx_prepare, 18
TM, 2, tx_prepare, 18
0, TM, commit, 18
1, TM, commit, 18
2, TM, commit, 18
TM, 0, tx_commit, 18
TM, 1, tx_commit, 18
TM, 2, tx_commit, 18
TM, 0, tx_prepare, 19
TM, 1, tx_prepare, 19
TM, 2, tx_prepare, 19
0, TM, commit, 19
1, TM, abort, 19
2, TM, abort, 19
TM, 0, tx_abort, 19
TM, 1, tx_abort, 19
TM, 2, tx_abort, 19
TM, 0, tx_prepare, 20
TM, 1, tx_prepare, 20
TM, 2, tx_prepare, 20
0, TM, commit, 20
1, TM, abort, 20
2, TM, commit, 20
TM, 0, tx_abort, 20
TM, 1, tx_abort, 20
TM, 2, tx_abort, 20
TM, 0, tx_prepare, 21
TM, 1, tx_prepare, 21
TM, 2, tx_prepare, 21
0, TM, commit, 21
1, TM, abort, 21
2, TM, commit, 21
TM, 0, tx_abort, 21
TM, 1, tx_abort, 21
TM, 2, tx_abort, 21
TM, 0, tx_prepare, 22
TM, 1, tx_prepare, 22
TM, 2, tx_prepare, 22
0, TM, abort, 22
1, TM, abort, 22
2, TM, abort, 22
TM, 0, tx_abort, 22
TM, 1, tx_abort, 22
TM, 2, tx_abort, 22
TM, 0, tx_prepare, 23
TM, 1, tx_prepare, 23
TM, 2, tx_prepare, 23
0, TM, abort, 23
1, TM, abort, 23
2, TM, abort, 23
TM, 0, tx_abort, 23
TM, 1, tx_abort, 23
TM, 2, tx_abort, 23
TM, 0, tx_prepare, 24
TM, 1, tx_prepare, 24
TM, 2, tx_prepare, 24
0, TM, commit, 24
1, TM, abort, 24
2, TM, commit, 24
TM, 0, tx_abort, 24
TM, 1, tx_abort, 24
TM, 2, tx_abort, 24
TM, 0, tx_prepare, 25
TM, 1, tx_prepare, 25
TM, 2, tx_prepare, 25
0, TM, abort, 25
1, TM, commit, 25
2, TM, commit, 25
TM, 0, tx_abort, 25
TM, 1, tx_abort, 25
TM, 2, tx_abort, 25
TM, 0, tx_prepare, 26
TM, 1, tx_prepare, 26
TM, 2, tx_prepare, 26
0, TM, commit, 26
1, TM, commit, 26
2, TM, abort, 26
TM, 0, tx_abort, 26
TM, 1, tx_abort, 26
TM, 2, tx_abort, 26
TM, 0, tx_prepare, 27
TM, 1, tx_prepare, 27
TM, 2, tx_prepare, 27
0, TM, commit, 27
1, TM, commit, 27
2, TM, commit, 27
TM, 0, tx_commit, 27
TM, 1, tx_commit, 27
TM, 2, tx_commit, 27
TM, 0, tx_prepare, 28
TM, 1, tx_prepare, 28
TM, 2, tx_prepare, 28
0, TM, commit, 28
1, TM, abort, 28
2, TM, abort, 28
TM, 0, tx_abort, 28
TM, 1, tx_abort, 28
TM, 2, tx_abort, 28
TM, 0, tx_prepare, 29
TM, 1, tx_prepare, 29
TM, 2, tx_prepare, 29
0, TM, abort, 29
1, TM, abort, 29
2, TM, abort, 29
TM, 0, tx_abort, 29
TM, 1, tx_abort, 29
TM, 2, tx_abort, 29
TM, 0, tx_prepare, 30
TM, 1, tx_prepare, 30
TM, 2, tx_prepare, 30
0, TM, commit, 30
1, TM, abort, 30
2, TM, commit, 30
TM, 0, tx_abort, 30
TM, 1, tx_abort, 30
TM, 2, tx_abort, 30
TM, 0, tx_prepare, 31
TM, 1, tx_prepare, 31
TM, 2, tx_prepare, 31
0, TM, commit, 31
1, TM, abort, 31
2, TM, commit, 31
TM, 0, tx_abort, 31
TM, 1, tx_abort, 31
TM, 2, tx_abort, 31
TM, 0, tx_prepare, 32
TM, 1, tx_prepare, 32
TM, 2, tx_prepare, 32
0, TM, abort, 32
1, TM, abort, 32
2, TM, abort, 32
TM, 0, tx_abort, 32
TM, 1, tx_abort, 32
TM, 2, tx_abort, 32
TM, 0, tx_prepare, 33
TM, 1, tx_prepare, 33
TM, 2, tx_prepare, 33
0, TM, abort, 33
1, TM, commit, 33
2, TM, commit, 33
TM, 0, tx_abort, 33
TM, 1, tx_abort, 33
TM, 2, tx_abort, 33
TM, 0, tx_prepare, 34
TM, 1, tx_prepare, 34
TM, 2, tx_prepare, 34
0, TM, abort, 34
1, TM, abort, 34
2, TM, commit, 34
TM, 0, tx_abort, 34
TM, 1, tx_abort, 34
TM, 2, tx_abort, 34
TM, 0, tx_prepare, 35
TM, 1, tx_prepare, 35
TM, 2, tx_prepare, 35
0, TM, abort, 35
1, TM, commit, 35
2, TM, commit, 35
TM, 0, tx_abort, 35
TM, 1, tx_abort, 35
TM, 2, tx_abort, 35
TM, 0, tx_prepare, 36
TM, 1, tx_prepare, 36
TM, 2, tx_prepare, 36
0, TM, commit, 36
1, TM, abort, 36
2, TM, commit, 36
TM, 0, tx_abort, 36
TM, 1, tx_abort, 36
TM, 2, tx_abort, 36
TM, 0, tx_prepare, 37
TM, 1, tx_prepare, 37
TM, 2, tx_prepare, 37
0, TM, commit, 37
1, TM, commit, 37
2, TM, commit, 37
TM, 0, tx_commit, 37
TM, 1, tx_commit, 37
TM, 2, tx_commit, 37
TM, 0, tx_prepare, 38
TM, 1, tx_prepare, 38
TM, 2, tx_prepare, 38
0, TM, abort, 38
1, TM, commit, 38
2, TM, abort, 38
TM, 0, tx_abort, 38
TM, 1, tx_abort, 38
TM, 2, tx_abort, 38
TM, 0, tx_prepare, 39
TM, 1, tx_prepare, 39
TM, 2, tx_prepare, 39
0, TM, abort, 39
1, TM, abort, 39
2, TM, abort, 39
TM, 0, tx_abort, 39
TM, 1, tx_abort, 39
TM, 2, tx_abort, 39
TM, 0, tx_prepare, 40
TM, 1, tx_prepare, 40
TM, 2, tx_prepare, 40
0, TM, commit, 40
1, TM, abort, 40
2, TM, abort, 40
TM, 0, tx_abort, 40
TM, 1, tx_abort, 40
TM, 2, tx_abort, 40
TM, 0, tx_prepare, 41
TM, 1, tx_prepare, 41
TM, 2, tx_prepare, 41
0, TM, commit, 41
1, TM, commit, 41
2, TM, abort, 41
TM, 0, tx_abort, 41
TM, 1, tx_abort, 41
TM, 2, tx_abort, 41
TM, 0, tx_prepare, 42
TM, 1, tx_prepare, 42
TM, 2, tx_prepare, 42
0, TM, abort, 42
1, TM, commit, 42
2, TM, commit, 42
TM, 0, tx_abort, 42
TM, 1, tx_abort, 42
TM, 2, tx_abort, 42
TM, 0, tx_prepare, 43
TM, 1, tx_prepare, 43
TM, 2, tx_prepare, 43
0, TM, abort, 43
1, TM, commit, 43
2, TM, commit, 43
TM, 0, tx_abort, 43
TM, 1, tx_abort, 43
TM, 2, tx_abort, 43
TM, 0, tx_prepare, 44
TM, 1, tx_prepare, 44
TM, 2, tx_prepare, 44
0, TM, abort, 44
1, TM, abort, 44
2, TM, abort, 44
TM, 0, tx_abort, 44
TM, 1, tx_abort, 44
TM, 2, tx_abort, 44
TM, 0, tx_prepare, 45
TM, 1, tx_prepare, 45
TM, 2, tx_prepare, 45
0, TM, abort, 45
1, TM, commit, 45
2, TM, abort, 45
TM, 0, tx_abort, 45
TM, 1, tx_abort, 45
TM, 2, tx_abort, 45
TM, 0, tx_prepare, 46
TM, 1, tx_prepare, 46
TM, 2, tx_prepare, 46
0, TM, abort, 46
1, TM, abort, 46
2, TM, abort, 46
TM, 0, tx_abort, 46
TM, 1, tx_abort, 46
TM, 2, tx_abort, 46
TM, 0, tx_prepare, 47
TM, 1, tx_prepare, 47
TM, 2, tx_prepare, 47
0, TM, abort, 47
1, TM, commit, 47
2, TM, commit, 47
TM, 0, tx_abort, 47
TM, 1, tx_abort, 47
TM, 2, tx_abort, 47
TM, 0, tx_prepare, 48
TM, 1, tx_prepare, 48
TM, 2, tx_prepare, 48
0, TM, abort, 48
1, TM, abort, 48
2, TM, abort, 48
TM, 0, tx_abort, 48
TM, 1, tx_abort, 48
TM, 2, tx_abort, 48
TM, 0, tx_prepare, 49
TM, 1, tx_prepare, 49
TM, 2, tx_prepare, 49
0, TM, abort, 49
1, TM, commit, 49
2, TM, abort, 49
TM, 0, tx_abort, 49
TM, 1, tx_abort, 49
TM, 2, tx_abort, 49
TM, 0, tx_prepare, 50
TM, 1, tx_prepare, 50
TM, 2, tx_prepare, 50
0, TM, commit, 50
1, TM, abort, 50
2, TM, abort, 50
TM, 0, tx_abort, 50
TM, 1, tx_abort, 50
TM, 2, tx_abort, 50
TM, 0, tx_prepare, 51
TM, 1, tx_prepare, 51
TM, 2, tx_prepare, 51
0, TM, commit, 51
1, TM, abort, 51
2, TM, commit, 51
TM, 0, tx_abort, 51
TM, 1, tx_abort, 51
TM, 2, tx_abort, 51
TM, 0, tx_prepare, 52
TM, 1, tx_prepare, 52
TM, 2, tx_prepare, 52
0, TM, commit, 52
1, TM, commit, 52
2, TM, abort, 52
TM, 0, tx_abort, 52
TM, 1, tx_abort, 52
TM, 2, tx_abort, 52
TM, 0, tx_prepare, 53
TM, 1, tx_prepare, 53
TM, 2, tx_prepare, 53
0, TM, commit, 53
1, TM, commit, 53
2, TM, abort, 53
TM, 0, tx_abort, 53
TM, 1, tx_abort, 53
TM, 2, tx_abort, 53
TM, 0, tx_prepare, 54
TM, 1, tx_prepare, 54
TM, 2, tx_prepare, 54
0, TM, abort, 54
1, TM, abort, 54
2, TM, commit, 54
TM, 0, tx_abort, 54
TM, 1, tx_abort, 54
TM, 2, tx_abort, 54
TM, 0, tx_prepare, 55
TM, 1, tx_prepare, 55
TM, 2, tx_prepare, 55
0, TM, commit, 55
1, TM, abort, 55
2, TM, commit, 55
TM, 0, tx_abort, 55
TM, 1, tx_abort, 55
TM, 2, tx_abort, 55
TM, 0, tx_prepare, 56
TM, 1, tx_prepare, 56
TM, 2, tx_prepare, 56
0, TM, commit, 56
1, TM, abort, 56
2, TM, commit, 56
TM, 0, tx_abort, 56
TM, 1, tx_abort, 56
TM, 2, tx_abort, 56
TM, 0, tx_prepare, 57
TM, 1, tx_prepare, 57
TM, 2, tx_prepare, 57
0, TM, commit, 57
1, TM, abort, 57
2, TM, commit, 57
TM, 0, tx_abort, 57
TM, 1, tx_abort, 57
TM, 2, tx_abort, 57
TM, 0, tx_prepare, 58
TM, 1, tx_prepare, 58
TM, 2, tx_prepare, 58
0, TM, commit, 58
1, TM, abort, 58
2, TM, abort, 58
TM, 0, tx_abort, 58
TM, 1, tx_abort, 58
TM, 2, tx_abort, 58
TM, 0, tx_prepare, 59
TM, 1, tx_prepare, 59
TM, 2, tx_prepare, 59
0, TM, abort, 59
1, TM, commit, 59
2, TM, commit, 59
TM, 0, tx_abort, 59
TM, 1, tx_abort, 59
TM, 2, tx_abort, 59
TM, 0, tx_prepare, 60
TM, 1, tx_prepare, 60
TM, 2, tx_prepare, 60
0, TM, abort, 60
1, TM, abort, 60
2, TM, abort, 60
TM, 0, tx_abort, 60
TM, 1, tx_abort, 60
TM, 2, tx_abort, 60
TM, 0, tx_prepare, 61
TM, 1, tx_prepare, 61
TM, 2, tx_prepare, 61
0, TM, commit, 61
1, TM, commit, 61
2, TM, abort, 61
TM, 0, tx_abort, 61
TM, 1, tx_abort, 61
TM, 2, tx_abort, 61
TM, 0, tx_prepare, 62
TM, 1, tx_prepare, 62
TM, 2, tx_prepare, 62
0, TM, abort, 62
1, TM, abort, 62
2, TM, commit, 62
TM, 0, tx_abort, 62
TM, 1, tx_abort, 62
TM, 2, tx_abort, 62
TM, 0, tx_prepare, 63
TM, 1, tx_prepare, 63
TM, 2, tx_prepare, 63
0, TM, commit, 63
1, TM, abort, 63
2, TM, abort, 63
TM, 0, tx_abort, 63
TM, 1, tx_abort, 63
TM, 2, tx_abort, 63
TM, 0, tx_prepare, 64
TM, 1, tx_prepare, 64
TM, 2, tx_prepare, 64
0, TM, commit, 64
1, TM, abort, 64
2, TM, abort, 64
TM, 0, tx_abort, 64
TM, 1, tx_abort, 64
TM, 2, tx_abort, 64
TM, 0, tx_prepare, 65
TM, 1, tx_prepare, 65
TM, 2, tx_prepare, 65
0, TM, commit, 65
1, TM, abort, 65
2, TM, abort, 65
TM, 0, tx_abort, 65
TM, 1, tx_abort, 65
TM, 2, tx_abort, 65
TM, 0, tx_prepare, 66
TM, 1, tx_prepare, 66
TM, 2, tx_prepare, 66
0, TM, commit, 66
1, TM, abort, 66
2, TM, abort, 66
TM, 0, tx_abort, 66
TM, 1, tx_abort, 66
TM, 2, tx_abort, 66
TM, 0, tx_prepare, 67
TM, 1, tx_prepare, 67
TM, 2, tx_prepare, 67
0, TM, abort, 67
1, TM, commit, 67
2, TM, commit, 67
TM, 0, tx_abort, 67
TM, 1, tx_abort, 67
TM, 2, tx_abort, 67
TM, 0, tx_prepare, 68
TM, 1, tx_prepare, 68
TM, 2, tx_prepare, 68
0, TM, abort, 68
1, TM, commit, 68
2, TM, abort, 68
TM, 0, tx_abort, 68
TM, 1, tx_abort, 68
TM, 2, tx_abort, 68
TM, 0, tx_prepare, 69
TM, 1, tx_prepare, 69
TM, 2, tx_prepare, 69
0, TM, commit, 69
1, TM, commit, 69
2, TM, abort, 69
TM, 0, tx_abort, 69
TM, 1, tx_abort, 69
TM, 2, tx_abort, 69
TM, 0, tx_prepare, 70
TM, 1, tx_prepare, 70
TM, 2, tx_prepare, 70
0, TM, commit, 70
1, TM, commit, 70
2, TM, commit, 70
TM, 0, tx_commit, 70
TM, 1, tx_commit, 70
TM, 2, tx_commit, 70
TM, 0, tx_prepare, 71
TM, 1, tx_prepare, 71
TM, 2, tx_prepare, 71
0, TM, abort, 71
1, TM, abort, 71
2, TM, commit, 71
TM, 0, tx_abort, 71
TM, 1, tx_abort, 71
TM, 2, tx_abort, 71
TM, 0, tx_prepare, 72
TM, 1, tx_prepare, 72
TM, 2, tx_prepare, 72
0, TM, abort, 72
1, TM, abort, 72
2, TM, abort, 72
TM, 0, tx_abort, 72
TM, 1, tx_abort, 72
TM, 2, tx_abort, 72
TM, 0, tx_prepare, 73
TM, 1, tx_prepare, 73
TM, 2, tx_prepare, 73
0, TM, abort, 73
1, TM, abort, 73
2, TM, abort, 73
TM, 0, tx_abort, 73
TM, 1, tx_abort, 73
TM, 2, tx_abort, 73
TM, 0, tx_prepare, 74
TM, 1, tx_prepare, 74
TM, 2, tx_prepare, 74
0, TM, abort, 74
1, TM, abort, 74
2, TM, commit, 74
TM, 0, tx_abort, 74
TM, 1, tx_abort, 74
TM, 2, tx_abort, 74
TM, 0, tx_prepare, 75
TM, 1, tx_prepare, 75
TM, 2, tx_prepare, 75
0, TM, abort, 75
1, TM, abort, 75
2, TM, abort, 75
TM, 0, tx_abort, 75
TM, 1, tx_abort, 75
TM, 2, tx_abort, 75
TM, 0, tx_prepare, 76
TM, 1, tx_prepare, 76
TM, 2, tx_prepare, 76
0, TM, abort, 76
1, TM, abort, 76
2, TM, commit, 76
TM, 0, tx_abort, 76
TM, 1, tx_abort, 76
TM, 2, tx_abort, 76
TM, 0, tx_prepare, 77
TM, 1, tx_prepare, 77
TM, 2, tx_prepare, 77
0, TM, abort, 77
1, TM, commit, 77
2, TM, abort, 77
TM, 0, tx_abort, 77
TM, 1, tx_abort, 77
TM, 2, tx_abort, 77
TM, 0, tx_prepare, 78
TM, 1, tx_prepare, 78
TM, 2, tx_prepare, 78
0, TM, abort, 78
1, TM, commit, 78
2, TM, commit, 78
TM, 0, tx_abort, 78
TM, 1, tx_abort, 78
TM, 2, tx_abort, 78
TM, 0, tx_prepare, 79
TM, 1, tx_prepare, 79
TM, 2, tx_prepare, 79
0, TM, commit, 79
1, TM, abort, 79
2, TM, abort, 79
TM, 0, tx_abort, 79
TM, 1, tx_abort, 79
TM, 2, tx_abort, 79
TM, 0, tx_prepare, 80
TM, 1, tx_prepare, 80
TM, 2, tx_prepare, 80
0, TM, commit, 80
1, TM, abort, 80
2, TM, commit, 80
TM, 0, tx_abort, 80
TM, 1, tx_abort, 80
TM, 2, tx_abort, 80
TM, 0, tx_prepare, 81
TM, 1, tx_prepare, 81
TM, 2, tx_prepare, 81
0, TM, commit, 81
1, TM, abort, 81
2, TM, abort, 81
TM, 0, tx_abort, 81
TM, 1, tx_abort, 81
TM, 2, tx_abort, 81
TM, 0, tx_prepare, 82
TM, 1, tx_prepare, 82
TM, 2, tx_prepare, 82
0, TM, commit, 82
1, TM, commit, 82
2, TM, commit, 82
TM, 0, tx_commit, 82
TM, 1, tx_commit, 82
TM, 2, tx_commit, 82
TM, 0, tx_prepare, 83
TM, 1, tx_prepare, 83
TM, 2, tx_prepare, 83
0, TM, abort, 83
1, TM, commit, 83
2, TM, abort, 83
TM, 0, tx_abort, 83
TM, 1, tx_abort, 83
TM, 2, tx_abort, 83
TM, 0, tx_prepare, 84
TM, 1, tx_prepare, 84
TM, 2, tx_prepare, 84
0, TM, commit, 84
1, TM, abort, 84
2, TM, abort, 84
TM, 0, tx_abort, 84
TM, 1, tx_abort, 84
TM, 2, tx_abort, 84
TM, 0, tx_prepare, 85
TM, 1, tx_prepare, 85
TM, 2, tx_prepare, 85
0, TM, commit, 85
1, TM, commit, 85
2, TM, commit, 85
TM, 0, tx_commit, 85
TM, 1, tx_commit, 85
TM, 2, tx_commit, 85
TM, 0, tx_prepare, 86
TM, 1, tx_prepare, 86
TM, 2, tx_prepare, 86
0, TM, abort, 86
1, TM, commit, 86
2, TM, commit, 86
TM, 0, tx_abort, 86
TM, 1, tx_abort, 86
TM, 2, tx_abort, 86
TM, 0, tx_prepare, 87
TM, 1, tx_prepare, 87
TM, 2, tx_prepare, 87
0, TM, abort, 87
1, TM, commit, 87
2, TM, abort, 87
TM, 0, tx_abort, 87
TM, 1, tx_abort, 87
TM, 2, tx_abort, 87
TM, 0, tx_prepare, 88
TM, 1, tx_prepare, 88
TM, 2, tx_prepare, 88
0, TM, abort, 88
1, TM, commit, 88
2, TM, commit, 88
TM, 0, tx_abort, 88
TM, 1, tx_abort, 88
TM, 2, tx_abort, 88
TM, 0, tx_prepare, 89
TM, 1, tx_prepare, 89
TM, 2, tx_prepare, 89
0, TM, commit, 89
1, TM, commit, 89
2, TM, commit, 89
TM, 0, tx_commit, 89
TM, 1, tx_commit, 89
TM, 2, tx_commit, 89
TM, 0, tx_prepare, 90
TM, 1, tx_prepare, 90
TM, 2, tx_prepare, 90
0, TM, commit, 90
1, TM, abort, 90
2, TM, abort, 90
TM, 0, tx_abort, 90
TM, 1, tx_abort, 90
TM, 2, tx_abort, 90
TM, 0, tx_prepare, 91
TM, 1, tx_prepare, 91
TM, 2, tx_prepare, 91
0, TM, commit, 91
1, TM, abort, 91
2, TM, commit, 91
TM, 0, tx_abort, 91
TM, 1, tx_abort, 91
TM, 2, tx_abort, 91
TM, 0, tx_prepare, 92
TM, 1, tx_prepare, 92
TM, 2, tx_prepare, 92
0, TM, commit, 92
1, TM, abort, 92
2, TM, commit, 92
TM, 0, tx_abort, 92
TM, 1, tx_abort, 92
TM, 2, tx_abort, 92
TM, 0, tx_prepare, 93
TM, 1, tx_prepare, 93
TM, 2, tx_prepare, 93
0, TM, commit, 93
1, TM, commit, 93
2, TM, abort, 93
TM, 0, tx_abort, 93
TM, 1, tx_abort, 93
TM, 2, tx_abort, 93
TM, 0, tx_prepare, 94
TM, 1, tx_prepare, 94
TM, 2, tx_prepare, 94
0, TM, abort, 94
1, TM, commit, 94
2, TM, abort, 94
TM, 0, tx_abort, 94
TM, 1, tx_abort, 94
TM, 2, tx_abort, 94
TM, 0, tx_prepare, 95
TM, 1, tx_prepare, 95
TM, 2, tx_prepare, 95
0, TM, commit, 95
1, TM, commit, 95
2, TM, abort, 95
TM, 0, tx_abort, 95
TM, 1, tx_abort, 95
TM, 2, tx_abort, 95
TM, 0, tx_prepare, 96
TM, 1, tx_prepare, 96
TM, 2, tx_prepare, 96
0, TM, commit, 96
1, TM, commit, 96
2, TM, commit, 96
TM, 0, tx_commit, 96
TM, 1, tx_commit, 96
TM, 2, tx_commit, 96
TM, 0, tx_prepare, 97
TM, 1, tx_prepare, 97
TM, 2, tx_prepare, 97
0, TM, commit, 97
1, TM, abort, 97
2, TM, commit, 97
TM, 0, tx_abort, 97
TM, 1, tx_abort, 97
TM, 2, tx_abort, 97
TM, 0, tx_prepare, 98
TM, 1, tx_prepare, 98
TM, 2, tx_prepare, 98
0, TM, abort, 98
1, TM, commit, 98
2, TM, abort, 98
TM, 0, tx_abort, 98
TM, 1, tx_abort, 98
TM, 2, tx_abort, 98
TM, 0, tx_prepare, 99
TM, 1, tx_prepare, 99
TM, 2, tx_prepare, 99
0, TM, abort, 99
1, TM, commit, 99
2, TM, commit, 99
TM, 0, tx_abort, 99
TM, 1, tx_abort, 99
TM, 2, tx_abort, 99
